[ERROR   :            django.request] - 2024-01-19 21:45:32,147 : log_response @ 0241: Internal Server Error: /first/add_judge/
Traceback (most recent call last):
  File "C:\GeekBrains\II_quarter\24_01_Django\.venv\Lib\site-packages\django\core\handlers\exception.py", line 55, in inner
    response = get_response(request)
               ^^^^^^^^^^^^^^^^^^^^^
  File "C:\GeekBrains\II_quarter\24_01_Django\.venv\Lib\site-packages\django\core\handlers\base.py", line 197, in _get_response
    response = wrapped_callback(request, *callback_args, **callback_kwargs)
               ^^^^^^^^^^^^^^^^^^^^^^^^^^^^^^^^^^^^^^^^^^^^^^^^^^^^^^^^^^^^
  File "C:\GeekBrains\II_quarter\24_01_Django\homeworks\projecthome\appfirst\views.py", line 75, in add_judge
    return render(request, 'appfirst/add_judge.html', {'form': form})
           ^^^^^^^^^^^^^^^^^^^^^^^^^^^^^^^^^^^^^^^^^^^^^^^^^^^^^^^^^^
  File "C:\GeekBrains\II_quarter\24_01_Django\.venv\Lib\site-packages\django\shortcuts.py", line 24, in render
    content = loader.render_to_string(template_name, context, request, using=using)
              ^^^^^^^^^^^^^^^^^^^^^^^^^^^^^^^^^^^^^^^^^^^^^^^^^^^^^^^^^^^^^^^^^^^^^
  File "C:\GeekBrains\II_quarter\24_01_Django\.venv\Lib\site-packages\django\template\loader.py", line 62, in render_to_string
    return template.render(context, request)
           ^^^^^^^^^^^^^^^^^^^^^^^^^^^^^^^^^
  File "C:\GeekBrains\II_quarter\24_01_Django\.venv\Lib\site-packages\django\template\backends\django.py", line 61, in render
    return self.template.render(context)
           ^^^^^^^^^^^^^^^^^^^^^^^^^^^^^
  File "C:\GeekBrains\II_quarter\24_01_Django\.venv\Lib\site-packages\django\template\base.py", line 171, in render
    return self._render(context)
           ^^^^^^^^^^^^^^^^^^^^^
  File "C:\GeekBrains\II_quarter\24_01_Django\.venv\Lib\site-packages\django\template\base.py", line 163, in _render
    return self.nodelist.render(context)
           ^^^^^^^^^^^^^^^^^^^^^^^^^^^^^
  File "C:\GeekBrains\II_quarter\24_01_Django\.venv\Lib\site-packages\django\template\base.py", line 1000, in render
    return SafeString("".join([node.render_annotated(context) for node in self]))
                              ^^^^^^^^^^^^^^^^^^^^^^^^^^^^^^^^^^^^^^^^^^^^^^^^^
  File "C:\GeekBrains\II_quarter\24_01_Django\.venv\Lib\site-packages\django\template\base.py", line 1000, in <listcomp>
    return SafeString("".join([node.render_annotated(context) for node in self]))
                               ^^^^^^^^^^^^^^^^^^^^^^^^^^^^^^
  File "C:\GeekBrains\II_quarter\24_01_Django\.venv\Lib\site-packages\django\template\base.py", line 961, in render_annotated
    return self.render(context)
           ^^^^^^^^^^^^^^^^^^^^
  File "C:\GeekBrains\II_quarter\24_01_Django\.venv\Lib\site-packages\django\template\loader_tags.py", line 159, in render
    return compiled_parent._render(context)
           ^^^^^^^^^^^^^^^^^^^^^^^^^^^^^^^^
  File "C:\GeekBrains\II_quarter\24_01_Django\.venv\Lib\site-packages\django\template\base.py", line 163, in _render
    return self.nodelist.render(context)
           ^^^^^^^^^^^^^^^^^^^^^^^^^^^^^
  File "C:\GeekBrains\II_quarter\24_01_Django\.venv\Lib\site-packages\django\template\base.py", line 1000, in render
    return SafeString("".join([node.render_annotated(context) for node in self]))
                              ^^^^^^^^^^^^^^^^^^^^^^^^^^^^^^^^^^^^^^^^^^^^^^^^^
  File "C:\GeekBrains\II_quarter\24_01_Django\.venv\Lib\site-packages\django\template\base.py", line 1000, in <listcomp>
    return SafeString("".join([node.render_annotated(context) for node in self]))
                               ^^^^^^^^^^^^^^^^^^^^^^^^^^^^^^
  File "C:\GeekBrains\II_quarter\24_01_Django\.venv\Lib\site-packages\django\template\base.py", line 961, in render_annotated
    return self.render(context)
           ^^^^^^^^^^^^^^^^^^^^
  File "C:\GeekBrains\II_quarter\24_01_Django\.venv\Lib\site-packages\django\template\loader_tags.py", line 65, in render
    result = block.nodelist.render(context)
             ^^^^^^^^^^^^^^^^^^^^^^^^^^^^^^
  File "C:\GeekBrains\II_quarter\24_01_Django\.venv\Lib\site-packages\django\template\base.py", line 1000, in render
    return SafeString("".join([node.render_annotated(context) for node in self]))
                              ^^^^^^^^^^^^^^^^^^^^^^^^^^^^^^^^^^^^^^^^^^^^^^^^^
  File "C:\GeekBrains\II_quarter\24_01_Django\.venv\Lib\site-packages\django\template\base.py", line 1000, in <listcomp>
    return SafeString("".join([node.render_annotated(context) for node in self]))
                               ^^^^^^^^^^^^^^^^^^^^^^^^^^^^^^
  File "C:\GeekBrains\II_quarter\24_01_Django\.venv\Lib\site-packages\django\template\base.py", line 961, in render_annotated
    return self.render(context)
           ^^^^^^^^^^^^^^^^^^^^
  File "C:\GeekBrains\II_quarter\24_01_Django\.venv\Lib\site-packages\django\template\base.py", line 1065, in render
    return render_value_in_context(output, context)
           ^^^^^^^^^^^^^^^^^^^^^^^^^^^^^^^^^^^^^^^^
  File "C:\GeekBrains\II_quarter\24_01_Django\.venv\Lib\site-packages\django\template\base.py", line 1042, in render_value_in_context
    value = str(value)
            ^^^^^^^^^^
  File "C:\GeekBrains\II_quarter\24_01_Django\.venv\Lib\site-packages\django\forms\utils.py", line 55, in render
    return mark_safe(renderer.render(template, context))
                     ^^^^^^^^^^^^^^^^^^^^^^^^^^^^^^^^^^
  File "C:\GeekBrains\II_quarter\24_01_Django\.venv\Lib\site-packages\django\forms\renderers.py", line 29, in render
    return template.render(context, request=request).strip()
           ^^^^^^^^^^^^^^^^^^^^^^^^^^^^^^^^^^^^^^^^^
  File "C:\GeekBrains\II_quarter\24_01_Django\.venv\Lib\site-packages\django\template\backends\django.py", line 61, in render
    return self.template.render(context)
           ^^^^^^^^^^^^^^^^^^^^^^^^^^^^^
  File "C:\GeekBrains\II_quarter\24_01_Django\.venv\Lib\site-packages\django\template\base.py", line 171, in render
    return self._render(context)
           ^^^^^^^^^^^^^^^^^^^^^
  File "C:\GeekBrains\II_quarter\24_01_Django\.venv\Lib\site-packages\django\template\base.py", line 163, in _render
    return self.nodelist.render(context)
           ^^^^^^^^^^^^^^^^^^^^^^^^^^^^^
  File "C:\GeekBrains\II_quarter\24_01_Django\.venv\Lib\site-packages\django\template\base.py", line 1000, in render
    return SafeString("".join([node.render_annotated(context) for node in self]))
                              ^^^^^^^^^^^^^^^^^^^^^^^^^^^^^^^^^^^^^^^^^^^^^^^^^
  File "C:\GeekBrains\II_quarter\24_01_Django\.venv\Lib\site-packages\django\template\base.py", line 1000, in <listcomp>
    return SafeString("".join([node.render_annotated(context) for node in self]))
                               ^^^^^^^^^^^^^^^^^^^^^^^^^^^^^^
  File "C:\GeekBrains\II_quarter\24_01_Django\.venv\Lib\site-packages\django\template\base.py", line 961, in render_annotated
    return self.render(context)
           ^^^^^^^^^^^^^^^^^^^^
  File "C:\GeekBrains\II_quarter\24_01_Django\.venv\Lib\site-packages\django\template\defaulttags.py", line 241, in render
    nodelist.append(node.render_annotated(context))
                    ^^^^^^^^^^^^^^^^^^^^^^^^^^^^^^
  File "C:\GeekBrains\II_quarter\24_01_Django\.venv\Lib\site-packages\django\template\base.py", line 961, in render_annotated
    return self.render(context)
           ^^^^^^^^^^^^^^^^^^^^
  File "C:\GeekBrains\II_quarter\24_01_Django\.venv\Lib\site-packages\django\template\base.py", line 1059, in render
    output = self.filter_expression.resolve(context)
             ^^^^^^^^^^^^^^^^^^^^^^^^^^^^^^^^^^^^^^^
  File "C:\GeekBrains\II_quarter\24_01_Django\.venv\Lib\site-packages\django\template\base.py", line 710, in resolve
    obj = self.var.resolve(context)
          ^^^^^^^^^^^^^^^^^^^^^^^^^
  File "C:\GeekBrains\II_quarter\24_01_Django\.venv\Lib\site-packages\django\template\base.py", line 842, in resolve
    value = self._resolve_lookup(context)
            ^^^^^^^^^^^^^^^^^^^^^^^^^^^^^
  File "C:\GeekBrains\II_quarter\24_01_Django\.venv\Lib\site-packages\django\template\base.py", line 909, in _resolve_lookup
    current = current()
              ^^^^^^^^^
  File "C:\GeekBrains\II_quarter\24_01_Django\.venv\Lib\site-packages\django\forms\utils.py", line 63, in as_field_group
    return self.render()
           ^^^^^^^^^^^^^
  File "C:\GeekBrains\II_quarter\24_01_Django\.venv\Lib\site-packages\django\forms\utils.py", line 55, in render
    return mark_safe(renderer.render(template, context))
                     ^^^^^^^^^^^^^^^^^^^^^^^^^^^^^^^^^^
  File "C:\GeekBrains\II_quarter\24_01_Django\.venv\Lib\site-packages\django\forms\renderers.py", line 29, in render
    return template.render(context, request=request).strip()
           ^^^^^^^^^^^^^^^^^^^^^^^^^^^^^^^^^^^^^^^^^
  File "C:\GeekBrains\II_quarter\24_01_Django\.venv\Lib\site-packages\django\template\backends\django.py", line 61, in render
    return self.template.render(context)
           ^^^^^^^^^^^^^^^^^^^^^^^^^^^^^
  File "C:\GeekBrains\II_quarter\24_01_Django\.venv\Lib\site-packages\django\template\base.py", line 171, in render
    return self._render(context)
           ^^^^^^^^^^^^^^^^^^^^^
  File "C:\GeekBrains\II_quarter\24_01_Django\.venv\Lib\site-packages\django\template\base.py", line 163, in _render
    return self.nodelist.render(context)
           ^^^^^^^^^^^^^^^^^^^^^^^^^^^^^
  File "C:\GeekBrains\II_quarter\24_01_Django\.venv\Lib\site-packages\django\template\base.py", line 1000, in render
    return SafeString("".join([node.render_annotated(context) for node in self]))
                              ^^^^^^^^^^^^^^^^^^^^^^^^^^^^^^^^^^^^^^^^^^^^^^^^^
  File "C:\GeekBrains\II_quarter\24_01_Django\.venv\Lib\site-packages\django\template\base.py", line 1000, in <listcomp>
    return SafeString("".join([node.render_annotated(context) for node in self]))
                               ^^^^^^^^^^^^^^^^^^^^^^^^^^^^^^
  File "C:\GeekBrains\II_quarter\24_01_Django\.venv\Lib\site-packages\django\template\base.py", line 961, in render_annotated
    return self.render(context)
           ^^^^^^^^^^^^^^^^^^^^
  File "C:\GeekBrains\II_quarter\24_01_Django\.venv\Lib\site-packages\django\template\base.py", line 1065, in render
    return render_value_in_context(output, context)
           ^^^^^^^^^^^^^^^^^^^^^^^^^^^^^^^^^^^^^^^^
  File "C:\GeekBrains\II_quarter\24_01_Django\.venv\Lib\site-packages\django\template\base.py", line 1042, in render_value_in_context
    value = str(value)
            ^^^^^^^^^^
  File "C:\GeekBrains\II_quarter\24_01_Django\.venv\Lib\site-packages\django\forms\utils.py", line 79, in __str__
    return self.as_widget()
           ^^^^^^^^^^^^^^^^
  File "C:\GeekBrains\II_quarter\24_01_Django\.venv\Lib\site-packages\django\forms\boundfield.py", line 95, in as_widget
    attrs = self.build_widget_attrs(attrs, widget)
            ^^^^^^^^^^^^^^^^^^^^^^^^^^^^^^^^^^^^^^
  File "C:\GeekBrains\II_quarter\24_01_Django\.venv\Lib\site-packages\django\forms\boundfield.py", line 270, in build_widget_attrs
    widget.use_required_attribute(self.initial)
  File "C:\GeekBrains\II_quarter\24_01_Django\.venv\Lib\site-packages\django\forms\widgets.py", line 785, in use_required_attribute
    and self._choice_has_empty_value(first_choice)
        ^^^^^^^^^^^^^^^^^^^^^^^^^^^^^^^^^^^^^^^^^^
  File "C:\GeekBrains\II_quarter\24_01_Django\.venv\Lib\site-packages\django\forms\widgets.py", line 768, in _choice_has_empty_value
    value, _ = choice
    ^^^^^^^^
ValueError: too many values to unpack (expected 2)
[ERROR   :             django.server] - 2024-01-19 21:45:32,152 : log_message @ 0212: "GET /first/add_judge/ HTTP/1.1" 500 299075
[INFO    :   django.utils.autoreload] - 2024-01-19 21:45:46,618 : trigger_reload @ 0266: C:\GeekBrains\II_quarter\24_01_Django\homeworks\projecthome\appfirst\form.py changed, reloading.
[INFO    :   django.utils.autoreload] - 2024-01-19 21:45:46,933 : run_with_reloader @ 0668: Watching for file changes with StatReloader
[INFO    :             django.server] - 2024-01-19 21:45:47,186 : log_message @ 0212: "GET /first/add_judge/ HTTP/1.1" 200 2589
[INFO    :             django.server] - 2024-01-19 21:45:55,129 : log_message @ 0212: "GET /first/add_judge/ HTTP/1.1" 200 2589
[INFO    :   django.utils.autoreload] - 2024-01-19 21:46:06,458 : trigger_reload @ 0266: C:\GeekBrains\II_quarter\24_01_Django\homeworks\projecthome\appfirst\form.py changed, reloading.
[INFO    :   django.utils.autoreload] - 2024-01-19 21:46:06,795 : run_with_reloader @ 0668: Watching for file changes with StatReloader
[INFO    :             django.server] - 2024-01-19 21:46:07,582 : log_message @ 0212: "GET /first/add_judge/ HTTP/1.1" 200 2887
[INFO    :             django.server] - 2024-01-19 21:46:27,441 : log_message @ 0212: "GET /first/edit_judges/ HTTP/1.1" 200 3936
[INFO    :             django.server] - 2024-01-19 21:46:37,701 : log_message @ 0212: "GET /first/edit_judges/ HTTP/1.1" 200 3936
